{"name":"Первый сценарий","status":"broken","statusDetails":{"known":false,"muted":false,"flaky":false,"message":"Cannot locate an element using xpath=//span[contains(text(), 'Рубли')]\nFor documentation on this error, please visit: https://www.seleniumhq.org/exceptions/no_such_element.html\nBuild info: version: '3.141.59', revision: 'e82be7d358', time: '2018-11-14T08:17:03'\nSystem info: host: 'MACHINE-P0951IE', ip: '192.168.0.10', os.name: 'Windows 10', os.arch: 'amd64', os.version: '10.0', java.version: '11.0.1'\nDriver info: driver.version: RemoteWebDriver","trace":"org.openqa.selenium.NoSuchElementException: Cannot locate an element using xpath=//span[contains(text(), 'Рубли')]\nFor documentation on this error, please visit: https://www.seleniumhq.org/exceptions/no_such_element.html\nBuild info: version: '3.141.59', revision: 'e82be7d358', time: '2018-11-14T08:17:03'\nSystem info: host: 'MACHINE-P0951IE', ip: '192.168.0.10', os.name: 'Windows 10', os.arch: 'amd64', os.version: '10.0', java.version: '11.0.1'\nDriver info: driver.version: RemoteWebDriver\r\n\tat org.openqa.selenium.remote.RemoteWebDriver.findElement(RemoteWebDriver.java:327)\r\n\tat org.openqa.selenium.remote.RemoteWebDriver.findElementByXPath(RemoteWebDriver.java:428)\r\n\tat org.openqa.selenium.By$ByXPath.findElement(By.java:353)\r\n\tat org.openqa.selenium.remote.RemoteWebDriver.findElement(RemoteWebDriver.java:315)\r\n\tat appline.pages.ContributionsPage.chooseCurrency(ContributionsPage.java:43)\r\n\tat appline.stepdefs.ContributionsPageSteps.chooseCurrency(ContributionsPageSteps.java:19)\r\n\tat ✽.Выбираем валюту \"Рубли\"(file:src/test/resources/Cucumber.feature:11)\r\n"},"stage":"finished","steps":[{"name":"*  Переходим во Вклады","status":"passed","statusDetails":{"known":false,"muted":false,"flaky":false},"stage":"finished","steps":[],"attachments":[],"parameters":[],"start":1591893466720,"stop":1591893469262},{"name":"*  Выбираем валюту \"Рубли\"","status":"broken","statusDetails":{"known":false,"muted":false,"flaky":false,"message":"Cannot locate an element using xpath=//span[contains(text(), 'Рубли')]\nFor documentation on this error, please visit: https://www.seleniumhq.org/exceptions/no_such_element.html\nBuild info: version: '3.141.59', revision: 'e82be7d358', time: '2018-11-14T08:17:03'\nSystem info: host: 'MACHINE-P0951IE', ip: '192.168.0.10', os.name: 'Windows 10', os.arch: 'amd64', os.version: '10.0', java.version: '11.0.1'\nDriver info: driver.version: RemoteWebDriver","trace":"org.openqa.selenium.NoSuchElementException: Cannot locate an element using xpath=//span[contains(text(), 'Рубли')]\nFor documentation on this error, please visit: https://www.seleniumhq.org/exceptions/no_such_element.html\nBuild info: version: '3.141.59', revision: 'e82be7d358', time: '2018-11-14T08:17:03'\nSystem info: host: 'MACHINE-P0951IE', ip: '192.168.0.10', os.name: 'Windows 10', os.arch: 'amd64', os.version: '10.0', java.version: '11.0.1'\nDriver info: driver.version: RemoteWebDriver\r\n\tat org.openqa.selenium.remote.RemoteWebDriver.findElement(RemoteWebDriver.java:327)\r\n\tat org.openqa.selenium.remote.RemoteWebDriver.findElementByXPath(RemoteWebDriver.java:428)\r\n\tat org.openqa.selenium.By$ByXPath.findElement(By.java:353)\r\n\tat org.openqa.selenium.remote.RemoteWebDriver.findElement(RemoteWebDriver.java:315)\r\n\tat appline.pages.ContributionsPage.chooseCurrency(ContributionsPage.java:43)\r\n\tat appline.stepdefs.ContributionsPageSteps.chooseCurrency(ContributionsPageSteps.java:19)\r\n\tat ✽.Выбираем валюту \"Рубли\"(file:src/test/resources/Cucumber.feature:11)\r\n"},"stage":"finished","steps":[],"attachments":[],"parameters":[],"start":1591893469263,"stop":1591893478127},{"name":"*  Заполняются поля:","status":"skipped","statusDetails":{"known":false,"muted":false,"flaky":false},"stage":"finished","steps":[],"attachments":[{"name":"Data table","source":"97fb9830-65ef-4c76-b27b-948c4669e895-attachment.csv","type":"text/tab-separated-values"}],"parameters":[],"start":1591893478127,"stop":1591893478133},{"name":"*  Ставим галочку 'Ежемесячная капитализация'","status":"skipped","statusDetails":{"known":false,"muted":false,"flaky":false},"stage":"finished","steps":[],"attachments":[],"parameters":[],"start":1591893478133,"stop":1591893478134},{"name":"*  Выполнена проверка значений:","status":"skipped","statusDetails":{"known":false,"muted":false,"flaky":false},"stage":"finished","steps":[],"attachments":[{"name":"Data table","source":"0e9792fe-b1fd-4c0d-af56-9ba8fbb7389b-attachment.csv","type":"text/tab-separated-values"}],"parameters":[],"start":1591893478134,"stop":1591893478135}],"attachments":[],"parameters":[],"start":1591893458818,"stop":1591893478822,"uuid":"7a476269-441e-48d1-92dd-b533ff3c0813","historyId":"a3a26c5d3c76893916275cdf29d246c","fullName":"Вклады: Первый сценарий","labels":[{"name":"tag","value":"all"},{"name":"host","value":"MACHINE-P0951IE"},{"name":"thread","value":"15864@MACHINE-P0951IE.main(1)"},{"name":"feature","value":"Вклады"},{"name":"story","value":"Первый сценарий"},{"name":"suite","value":"Вклады"},{"name":"testClass","value":"Первый сценарий"},{"name":"framework","value":"cucumber4jvm"},{"name":"language","value":"java"},{"name":"gherkin_uri","value":"file:src/test/resources/Cucumber.feature"},{"name":"package","value":"src.test.resources.Cucumber_feature.Вклады"}],"links":[]}